<?xml version="1.0" encoding="UTF-8"?>
<testsuite xmlns:xsi="http://www.w3.org/2001/XMLSchema-instance" xsi:noNamespaceSchemaLocation="https://maven.apache.org/surefire/maven-surefire-plugin/xsd/surefire-test-report-3.0.xsd" version="3.0" name="com.example.HIMS.HimsApplicationTests" time="3.65" tests="1" errors="0" skipped="0" failures="0">
  <properties>
[...]
</properties>
  <testcase name="contextLoads" classname="com.example.HIMS.HimsApplicationTests" time="1.198">
    <system-out><![CDATA[15:05:51.545 [main] INFO org.springframework.test.context.support.AnnotationConfigContextLoaderUtils -- Could not detect default configuration classes for test class [com.example.HIMS.HimsApplicationTests]: HimsApplicationTests does not declare any static, non-private, non-final, nested classes annotated with @Configuration.
15:05:51.667 [main] INFO org.springframework.boot.test.context.SpringBootTestContextBootstrapper -- Found @SpringBootConfiguration com.example.HIMS.HimsApplication for test class com.example.HIMS.HimsApplicationTests

  .   ____          _            __ _ _
 /\\ / ___'_ __ _ _(_)_ __  __ _ \ \ \ \
( ( )\___ | '_ | '_| | '_ \/ _` | \ \ \ \
 \\/  ___)| |_)| | | | | || (_| |  ) ) ) )
  '  |____| .__|_| |_|_| |_\__, | / / / /
 =========|_|==============|___/=/_/_/_/
 :: Spring Boot ::       (v3.2.0-SNAPSHOT)

2023-09-14T15:05:52.181+05:30  INFO 9684 --- [           main] com.example.HIMS.HimsApplicationTests    : Starting HimsApplicationTests using Java 17.0.7 with PID 9684 (started by bharadwaj.b in C:\Users\bharadwaj.b\Downloads\HIMS\HIMS)
2023-09-14T15:05:52.182+05:30  INFO 9684 --- [           main] com.example.HIMS.HimsApplicationTests    : The following 1 profile is active: "dev"
2023-09-14T15:05:53.311+05:30  INFO 9684 --- [           main] o.s.b.a.w.s.WelcomePageHandlerMapping    : Adding welcome page: class path resource [static/index.html]
2023-09-14T15:05:53.756+05:30  INFO 9684 --- [           main] com.example.HIMS.HimsApplicationTests    : Started HimsApplicationTests in 1.887 seconds (process running for 3.17)
]]></system-out>
  </testcase>
</testsuite>